\BOOKMARK [1][-]{section.1}{Arbeitsrecht}{}% 1
\BOOKMARK [2][-]{subsection.1.1}{Aufgabenstellung}{section.1}% 2
\BOOKMARK [2][-]{subsection.1.2}{\3343.5}{section.1}% 3
\BOOKMARK [2][-]{subsection.1.3}{\3343.6}{section.1}% 4
\BOOKMARK [2][-]{subsection.1.4}{\3343.7}{section.1}% 5
\BOOKMARK [2][-]{subsection.1.5}{\3343.18}{section.1}% 6
\BOOKMARK [2][-]{subsection.1.6}{\3343.19}{section.1}% 7
\BOOKMARK [2][-]{subsection.1.7}{\3343.20}{section.1}% 8
\BOOKMARK [2][-]{subsection.1.8}{\3343.21}{section.1}% 9
\BOOKMARK [2][-]{subsection.1.9}{\3343.22}{section.1}% 10
\BOOKMARK [2][-]{subsection.1.10}{\3343.23}{section.1}% 11
\BOOKMARK [2][-]{subsection.1.11}{\3343.24}{section.1}% 12
\BOOKMARK [2][-]{subsection.1.12}{\3343.25}{section.1}% 13
\BOOKMARK [2][-]{subsection.1.13}{\3343.26}{section.1}% 14
\BOOKMARK [2][-]{subsection.1.14}{\3343.27}{section.1}% 15
\BOOKMARK [2][-]{subsection.1.15}{\3343.28}{section.1}% 16
\BOOKMARK [2][-]{subsection.1.16}{\3343.29}{section.1}% 17
\BOOKMARK [2][-]{subsection.1.17}{W3.17}{section.1}% 18
\BOOKMARK [2][-]{subsection.1.18}{W3.18}{section.1}% 19
\BOOKMARK [2][-]{subsection.1.19}{W3.19}{section.1}% 20
\BOOKMARK [2][-]{subsection.1.20}{W3.20}{section.1}% 21
\BOOKMARK [2][-]{subsection.1.21}{W3.21}{section.1}% 22
\BOOKMARK [2][-]{subsection.1.22}{W3.22}{section.1}% 23
\BOOKMARK [1][-]{section.2}{Sozialrecht}{}% 24
