\BOOKMARK [1][-]{section.1}{Was ist Load Balancing?}{}% 1
\BOOKMARK [1][-]{section.2}{Serverlastverteilung}{}% 2
\BOOKMARK [1][-]{section.3}{Load Balancing Algorithmen}{}% 3
\BOOKMARK [2][-]{subsection.3.1}{Round Robin}{section.3}% 4
\BOOKMARK [3][-]{subsubsection.3.1.1}{Weighted Round Robin}{subsection.3.1}% 5
\BOOKMARK [3][-]{subsubsection.3.1.2}{Dynamic Round Robin}{subsection.3.1}% 6
\BOOKMARK [2][-]{subsection.3.2}{Fastest}{section.3}% 7
\BOOKMARK [2][-]{subsection.3.3}{Least Connections}{section.3}% 8
\BOOKMARK [2][-]{subsection.3.4}{Observed}{section.3}% 9
\BOOKMARK [2][-]{subsection.3.5}{Predictive}{section.3}% 10
\BOOKMARK [1][-]{section.4}{Verfahren von SLB}{}% 11
\BOOKMARK [2][-]{subsection.4.1}{DNS Round Robin}{section.4}% 12
\BOOKMARK [3][-]{subsubsection.4.1.1}{Aufbau und Funktionsweise}{subsection.4.1}% 13
\BOOKMARK [3][-]{subsubsection.4.1.2}{Technischer Fortschritt}{subsection.4.1}% 14
\BOOKMARK [3][-]{subsubsection.4.1.3}{Nachteile}{subsection.4.1}% 15
\BOOKMARK [2][-]{subsection.4.2}{Flat based SLB}{section.4}% 16
\BOOKMARK [3][-]{subsubsection.4.2.1}{Aufbau und Funktionsweise}{subsection.4.2}% 17
\BOOKMARK [3][-]{subsubsection.4.2.2}{Vorteile}{subsection.4.2}% 18
\BOOKMARK [2][-]{subsection.4.3}{NAT based SLB}{section.4}% 19
\BOOKMARK [3][-]{subsubsection.4.3.1}{Implementierung}{subsection.4.3}% 20
\BOOKMARK [3][-]{subsubsection.4.3.2}{Bridge-Path and Direct Server Return}{subsection.4.3}% 21
\BOOKMARK [3][-]{subsubsection.4.3.3}{Warum NAT-basierend?}{subsection.4.3}% 22
\BOOKMARK [2][-]{subsection.4.4}{Anycast SLB}{section.4}% 23
\BOOKMARK [3][-]{subsubsection.4.4.1}{Anycast}{subsection.4.4}% 24
\BOOKMARK [3][-]{subsubsection.4.4.2}{BGP Border Gateway Protocol}{subsection.4.4}% 25
\BOOKMARK [3][-]{subsubsection.4.4.3}{Vorteile}{subsection.4.4}% 26
