\BOOKMARK [1][-]{section.1}{What is E-Sport?}{}% 1
\BOOKMARK [1][-]{section.2}{History}{}% 2
\BOOKMARK [2][-]{subsection.2.1}{Roots 1972-1994}{section.2}% 3
\BOOKMARK [2][-]{subsection.2.2}{Networkbased E-Sport 1995-1999}{section.2}% 4
\BOOKMARK [2][-]{subsection.2.3}{Global Tournaments}{section.2}% 5
\BOOKMARK [1][-]{section.3}{Classification as a sport}{}% 6
\BOOKMARK [1][-]{section.4}{Games}{}% 7
\BOOKMARK [1][-]{section.5}{Types of Video game design}{}% 8
\BOOKMARK [2][-]{subsection.5.1}{Spectator mode}{section.5}% 9
\BOOKMARK [2][-]{subsection.5.2}{Online}{section.5}% 10
\BOOKMARK [2][-]{subsection.5.3}{Local area network}{section.5}% 11
\BOOKMARK [1][-]{section.6}{Tournaments}{}% 12
\BOOKMARK [1][-]{section.7}{Teams and associations}{}% 13
\BOOKMARK [1][-]{section.8}{Ethics}{}% 14
\BOOKMARK [2][-]{subsection.8.1}{Performance-enhancing drugs}{section.8}% 15
\BOOKMARK [2][-]{subsection.8.2}{Player exploitation}{section.8}% 16
\BOOKMARK [2][-]{subsection.8.3}{Economics}{section.8}% 17
\BOOKMARK [1][-]{section.9}{Media coverage}{}% 18
\BOOKMARK [2][-]{subsection.9.1}{News reporting}{section.9}% 19
\BOOKMARK [2][-]{subsection.9.2}{Internet live streaming}{section.9}% 20
\BOOKMARK [2][-]{subsection.9.3}{Television}{section.9}% 21
