\BOOKMARK [1][-]{section.1}{Was ist Surveillance?}{}% 1
\BOOKMARK [2][-]{subsection.1.1}{Daten}{section.1}% 2
\BOOKMARK [2][-]{subsection.1.2}{Speicherung}{section.1}% 3
\BOOKMARK [2][-]{subsection.1.3}{Zugang}{section.1}% 4
\BOOKMARK [2][-]{subsection.1.4}{Beobachtung}{section.1}% 5
\BOOKMARK [2][-]{subsection.1.5}{Metainformationen}{section.1}% 6
\BOOKMARK [2][-]{subsection.1.6}{Suchen}{section.1}% 7
\BOOKMARK [2][-]{subsection.1.7}{Entschl\374sselung}{section.1}% 8
\BOOKMARK [2][-]{subsection.1.8}{Kombination}{section.1}% 9
\BOOKMARK [2][-]{subsection.1.9}{Identit\344t}{section.1}% 10
\BOOKMARK [2][-]{subsection.1.10}{Konsequenz}{section.1}% 11
\BOOKMARK [2][-]{subsection.1.11}{\334berwachung}{section.1}% 12
\BOOKMARK [2][-]{subsection.1.12}{Quelle}{section.1}% 13
\BOOKMARK [1][-]{section.2}{Ethische Urteilsfindung}{}% 14
\BOOKMARK [2][-]{subsection.2.1}{Sachverhaltsdarstellung}{section.2}% 15
\BOOKMARK [2][-]{subsection.2.2}{Ethische Fragestellung}{section.2}% 16
\BOOKMARK [2][-]{subsection.2.3}{Situationanalyse}{section.2}% 17
\BOOKMARK [2][-]{subsection.2.4}{Pruefung der Verhaltensalternativen}{section.2}% 18
\BOOKMARK [3][-]{subsubsection.2.4.1}{Pro: Surveillance}{subsection.2.4}% 19
\BOOKMARK [3][-]{subsubsection.2.4.2}{Contra: Surveillance}{subsection.2.4}% 20
\BOOKMARK [2][-]{subsection.2.5}{Normenpruefung}{section.2}% 21
\BOOKMARK [2][-]{subsection.2.6}{Quellen}{section.2}% 22
