\BOOKMARK [1][-]{section.1}{Aufgabenstellung}{}% 1
\BOOKMARK [1][-]{section.2}{XML - eXtensible Markup Language}{}% 2
\BOOKMARK [2][-]{subsection.2.1}{Herkunft}{section.2}% 3
\BOOKMARK [2][-]{subsection.2.2}{Metasprache}{section.2}% 4
\BOOKMARK [2][-]{subsection.2.3}{Dokumenttyp Definition \(DTD\)}{section.2}% 5
\BOOKMARK [2][-]{subsection.2.4}{Beispiel}{section.2}% 6
\BOOKMARK [1][-]{section.3}{UML}{}% 7
\BOOKMARK [2][-]{subsection.3.1}{Herkunft}{section.3}% 8
\BOOKMARK [2][-]{subsection.3.2}{Modellierungssprache}{section.3}% 9
\BOOKMARK [2][-]{subsection.3.3}{Diagrammtypen}{section.3}% 10
\BOOKMARK [1][-]{section.4}{EDI}{}% 11
\BOOKMARK [2][-]{subsection.4.1}{Herkunft}{section.4}% 12
\BOOKMARK [2][-]{subsection.4.2}{EDIFACT-Messages}{section.4}% 13
\BOOKMARK [1][-]{section.5}{Rich Text Format}{}% 14
\BOOKMARK [2][-]{subsection.5.1}{Definition}{section.5}% 15
\BOOKMARK [2][-]{subsection.5.2}{Aufbau}{section.5}% 16
\BOOKMARK [1][-]{section.6}{JSON - JavaScript object notation}{}% 17
\BOOKMARK [2][-]{subsection.6.1}{Definition}{section.6}% 18
\BOOKMARK [2][-]{subsection.6.2}{Aufbau}{section.6}% 19
\BOOKMARK [2][-]{subsection.6.3}{Elemente}{section.6}% 20
\BOOKMARK [2][-]{subsection.6.4}{Konzept}{section.6}% 21
\BOOKMARK [1][-]{section.7}{CSV - comma separated values}{}% 22
\BOOKMARK [2][-]{subsection.7.1}{Definition}{section.7}% 23
\BOOKMARK [2][-]{subsection.7.2}{Verwendung}{section.7}% 24
\BOOKMARK [1][-]{section.8}{PostScript}{}% 25
\BOOKMARK [2][-]{subsection.8.1}{Definition}{section.8}% 26
\BOOKMARK [2][-]{subsection.8.2}{Funktionsweise}{section.8}% 27
\BOOKMARK [1][-]{section.9}{HTML}{}% 28
\BOOKMARK [2][-]{subsection.9.1}{Definition}{section.9}% 29
\BOOKMARK [2][-]{subsection.9.2}{Aufbau}{section.9}% 30
\BOOKMARK [1][-]{section.10}{Plain Text}{}% 31
\BOOKMARK [2][-]{subsection.10.1}{Definition}{section.10}% 32
\BOOKMARK [2][-]{subsection.10.2}{Funktionsweise}{section.10}% 33
